<?xml version="1.0" encoding="UTF-8"?>
<!-- Generated by org.testng.reporters.JUnitReportReporter -->
<testsuite hostname="C_Name" failures="0" tests="1" name="com.mavenproject.AutomationApplications" time="25.071" errors="0" timestamp="2023-07-20T12:06:08 IST" skipped="0">
  <testcase classname="com.mavenproject.AutomationApplications" name="navigateUrl" time="25.071"/>
  <system-out/>
</testsuite> <!-- com.mavenproject.AutomationApplications -->
